2019-03-29 17:24:09,524 - Left side (${versionFieldName}) of '==' operation has null value. If it is a reference, it may not be in the context or its toString() returned null. /templates/jpa/entity.java.vm[line 64, column 26]
2019-03-29 17:24:09,524 - Left side (${logicDeleteFieldName}) of '==' operation has null value. If it is a reference, it may not be in the context or its toString() returned null. /templates/jpa/entity.java.vm[line 68, column 30]
2019-03-29 17:24:09,524 - Left side (${versionFieldName}) of '==' operation has null value. If it is a reference, it may not be in the context or its toString() returned null. /templates/jpa/entity.java.vm[line 64, column 26]
2019-03-29 17:24:09,524 - Left side (${logicDeleteFieldName}) of '==' operation has null value. If it is a reference, it may not be in the context or its toString() returned null. /templates/jpa/entity.java.vm[line 68, column 30]
2019-03-29 17:24:09,534 - ResourceManager : found /templates/jpa/query.java.vm with loader org.apache.velocity.runtime.resource.loader.ClasspathResourceLoader
2019-03-29 17:24:09,543 - ResourceManager : found /templates/jpa/menu.sql.vm with loader org.apache.velocity.runtime.resource.loader.ClasspathResourceLoader
2019-03-29 17:24:09,552 - ResourceManager : found /templates/vue/data.js.vm with loader org.apache.velocity.runtime.resource.loader.ClasspathResourceLoader
2019-03-29 17:24:09,562 - ResourceManager : found /templates/vue/api.js.vm with loader org.apache.velocity.runtime.resource.loader.ClasspathResourceLoader
2019-03-29 17:24:09,564 - Null reference [template '/templates/vue/api.js.vm', line 24, column 79] : ${id} cannot be resolved.
2019-03-29 17:24:09,564 - Null reference [template '/templates/vue/api.js.vm', line 33, column 79] : ${id} cannot be resolved.
2019-03-29 17:24:09,565 - Null reference [template '/templates/vue/api.js.vm', line 41, column 79] : ${id} cannot be resolved.
2019-03-29 17:24:09,565 - Null reference [template '/templates/vue/api.js.vm', line 48, column 86] : ${id} cannot be resolved.
2019-03-29 17:24:09,571 - ResourceManager : found /templates/vue/index.scss.vm with loader org.apache.velocity.runtime.resource.loader.ClasspathResourceLoader
2019-03-29 17:24:09,579 - ResourceManager : found /templates/vue/index.vue.vm with loader org.apache.velocity.runtime.resource.loader.ClasspathResourceLoader
2019-03-29 17:24:09,581 - Null reference [template '/templates/vue/index.vue.vm', line 130, column 22] : $confirm cannot be resolved.
2019-03-29 17:24:09,581 - Null reference [template '/templates/vue/index.vue.vm', line 138, column 22] : $message cannot be resolved.
2019-03-29 17:24:09,581 - Null reference [template '/templates/vue/index.vue.vm', line 146, column 26] : $message cannot be resolved.
2019-04-01 13:36:48,934 - Log4JLogChute initialized using file 'velocity.log'
2019-04-01 13:36:48,950 - Initializing Velocity, Calling init()...
2019-04-01 13:36:48,950 - Starting Apache Velocity v1.7 (compiled: 2010-11-19 12:14:37)
2019-04-01 13:36:48,950 - Default Properties File: org\apache\velocity\runtime\defaults\velocity.properties
2019-04-01 13:36:48,950 - Trying to use logger class org.apache.velocity.runtime.log.AvalonLogChute
2019-04-01 13:36:48,950 - Target log system for org.apache.velocity.runtime.log.AvalonLogChute is not available (java.lang.NoClassDefFoundError: org/apache/log/Priority).  Falling back to next log system...
2019-04-01 13:36:48,950 - Trying to use logger class org.apache.velocity.runtime.log.Log4JLogChute
2019-04-01 13:36:48,950 - Using logger class org.apache.velocity.runtime.log.Log4JLogChute
2019-04-01 13:36:48,955 - ResourceLoader instantiated: org.apache.velocity.runtime.resource.loader.ClasspathResourceLoader
2019-04-01 13:36:48,986 - ResourceCache: initialized (class org.apache.velocity.runtime.resource.ResourceCacheImpl) with class java.util.Collections$SynchronizedMap cache map.
2019-04-01 13:36:48,990 - Loaded System Directive: org.apache.velocity.runtime.directive.Stop
2019-04-01 13:36:48,991 - Loaded System Directive: org.apache.velocity.runtime.directive.Define
2019-04-01 13:36:48,991 - Loaded System Directive: org.apache.velocity.runtime.directive.Break
2019-04-01 13:36:48,992 - Loaded System Directive: org.apache.velocity.runtime.directive.Evaluate
2019-04-01 13:36:48,993 - Loaded System Directive: org.apache.velocity.runtime.directive.Literal
2019-04-01 13:36:48,994 - Loaded System Directive: org.apache.velocity.runtime.directive.Macro
2019-04-01 13:36:48,995 - Loaded System Directive: org.apache.velocity.runtime.directive.Parse
2019-04-01 13:36:48,996 - Loaded System Directive: org.apache.velocity.runtime.directive.Include
2019-04-01 13:36:48,997 - Loaded System Directive: org.apache.velocity.runtime.directive.Foreach
2019-04-01 13:36:49,022 - Created '20' parsers.
2019-04-01 13:36:49,024 - Velocimacro : "velocimacro.library" is not set.  Trying default library: VM_global_library.vm
2019-04-01 13:36:49,030 - Could not load resource 'VM_global_library.vm' from ResourceLoader org.apache.velocity.runtime.resource.loader.ClasspathResourceLoader: ClasspathResourceLoader Error: cannot find resource VM_global_library.vm
2019-04-01 13:36:49,030 - Velocimacro : Default library not found.
2019-04-01 13:36:49,030 - Velocimacro : allowInline = true : VMs can be defined inline in templates
2019-04-01 13:36:49,030 - Velocimacro : allowInlineToOverride = false : VMs defined inline may NOT replace previous VM definitions
2019-04-01 13:36:49,030 - Velocimacro : allowInlineLocal = false : VMs defined inline will be global in scope if allowed.
2019-04-01 13:36:49,030 - Velocimacro : autoload off : VM system will not automatically reload global library macros
2019-04-01 13:36:49,070 - ResourceManager : found /templates/jpa/jpa.java.vm with loader org.apache.velocity.runtime.resource.loader.ClasspathResourceLoader
2019-04-01 13:36:49,149 - ResourceManager : found /templates/jpa/service_2.0.4.java.vm with loader org.apache.velocity.runtime.resource.loader.ClasspathResourceLoader
2019-04-01 13:36:49,243 - ResourceManager : found /templates/jpa/serviceImpl_2.0.4.java.vm with loader org.apache.velocity.runtime.resource.loader.ClasspathResourceLoader
2019-04-01 13:36:49,310 - ResourceManager : found /templates/jpa/controller_2.0.4.java.vm with loader org.apache.velocity.runtime.resource.loader.ClasspathResourceLoader
2019-04-01 13:36:49,376 - ResourceManager : found /templates/jpa/entity.java.vm with loader org.apache.velocity.runtime.resource.loader.ClasspathResourceLoader
2019-04-01 13:36:49,381 - Left side (${versionFieldName}) of '==' operation has null value. If it is a reference, it may not be in the context or its toString() returned null. /templates/jpa/entity.java.vm[line 64, column 26]
2019-04-01 13:36:49,381 - Left side (${logicDeleteFieldName}) of '==' operation has null value. If it is a reference, it may not be in the context or its toString() returned null. /templates/jpa/entity.java.vm[line 68, column 30]
2019-04-01 13:36:49,382 - Left side (${versionFieldName}) of '==' operation has null value. If it is a reference, it may not be in the context or its toString() returned null. /templates/jpa/entity.java.vm[line 64, column 26]
2019-04-01 13:36:49,382 - Left side (${logicDeleteFieldName}) of '==' operation has null value. If it is a reference, it may not be in the context or its toString() returned null. /templates/jpa/entity.java.vm[line 68, column 30]
2019-04-01 13:36:49,383 - Left side (${versionFieldName}) of '==' operation has null value. If it is a reference, it may not be in the context or its toString() returned null. /templates/jpa/entity.java.vm[line 64, column 26]
2019-04-01 13:36:49,383 - Left side (${logicDeleteFieldName}) of '==' operation has null value. If it is a reference, it may not be in the context or its toString() returned null. /templates/jpa/entity.java.vm[line 68, column 30]
2019-04-01 13:36:49,383 - Left side (${versionFieldName}) of '==' operation has null value. If it is a reference, it may not be in the context or its toString() returned null. /templates/jpa/entity.java.vm[line 64, column 26]
2019-04-01 13:36:49,383 - Left side (${logicDeleteFieldName}) of '==' operation has null value. If it is a reference, it may not be in the context or its toString() returned null. /templates/jpa/entity.java.vm[line 68, column 30]
2019-04-01 13:36:49,383 - Left side (${versionFieldName}) of '==' operation has null value. If it is a reference, it may not be in the context or its toString() returned null. /templates/jpa/entity.java.vm[line 64, column 26]
2019-04-01 13:36:49,383 - Left side (${logicDeleteFieldName}) of '==' operation has null value. If it is a reference, it may not be in the context or its toString() returned null. /templates/jpa/entity.java.vm[line 68, column 30]
2019-04-01 13:36:49,384 - Left side (${versionFieldName}) of '==' operation has null value. If it is a reference, it may not be in the context or its toString() returned null. /templates/jpa/entity.java.vm[line 64, column 26]
2019-04-01 13:36:49,384 - Left side (${logicDeleteFieldName}) of '==' operation has null value. If it is a reference, it may not be in the context or its toString() returned null. /templates/jpa/entity.java.vm[line 68, column 30]
2019-04-01 13:36:49,384 - Left side (${versionFieldName}) of '==' operation has null value. If it is a reference, it may not be in the context or its toString() returned null. /templates/jpa/entity.java.vm[line 64, column 26]
2019-04-01 13:36:49,384 - Left side (${logicDeleteFieldName}) of '==' operation has null value. If it is a reference, it may not be in the context or its toString() returned null. /templates/jpa/entity.java.vm[line 68, column 30]
2019-04-01 13:36:49,424 - ResourceManager : found /templates/jpa/query.java.vm with loader org.apache.velocity.runtime.resource.loader.ClasspathResourceLoader
2019-04-01 13:36:49,439 - ResourceManager : found /templates/jpa/menu.sql.vm with loader org.apache.velocity.runtime.resource.loader.ClasspathResourceLoader
2019-04-01 13:36:49,451 - ResourceManager : found /templates/vue/data.js.vm with loader org.apache.velocity.runtime.resource.loader.ClasspathResourceLoader
2019-04-01 13:36:49,483 - ResourceManager : found /templates/vue/api.js.vm with loader org.apache.velocity.runtime.resource.loader.ClasspathResourceLoader
2019-04-01 13:36:49,485 - Null reference [template '/templates/vue/api.js.vm', line 24, column 79] : ${id} cannot be resolved.
2019-04-01 13:36:49,485 - Null reference [template '/templates/vue/api.js.vm', line 33, column 79] : ${id} cannot be resolved.
2019-04-01 13:36:49,485 - Null reference [template '/templates/vue/api.js.vm', line 41, column 79] : ${id} cannot be resolved.
2019-04-01 13:36:49,485 - Null reference [template '/templates/vue/api.js.vm', line 48, column 86] : ${id} cannot be resolved.
2019-04-01 13:36:49,495 - ResourceManager : found /templates/vue/index.scss.vm with loader org.apache.velocity.runtime.resource.loader.ClasspathResourceLoader
2019-04-01 13:36:49,510 - ResourceManager : found /templates/vue/index.vue.vm with loader org.apache.velocity.runtime.resource.loader.ClasspathResourceLoader
2019-04-01 13:36:49,512 - Null reference [template '/templates/vue/index.vue.vm', line 130, column 22] : $confirm cannot be resolved.
2019-04-01 13:36:49,512 - Null reference [template '/templates/vue/index.vue.vm', line 138, column 22] : $message cannot be resolved.
2019-04-01 13:36:49,512 - Null reference [template '/templates/vue/index.vue.vm', line 146, column 26] : $message cannot be resolved.
2019-04-01 15:44:58,320 - Log4JLogChute initialized using file 'velocity.log'
2019-04-01 15:44:58,326 - Initializing Velocity, Calling init()...
2019-04-01 15:44:58,326 - Starting Apache Velocity v1.7 (compiled: 2010-11-19 12:14:37)
2019-04-01 15:44:58,326 - Default Properties File: org\apache\velocity\runtime\defaults\velocity.properties
2019-04-01 15:44:58,326 - Trying to use logger class org.apache.velocity.runtime.log.AvalonLogChute
2019-04-01 15:44:58,326 - Target log system for org.apache.velocity.runtime.log.AvalonLogChute is not available (java.lang.NoClassDefFoundError: org/apache/log/Priority).  Falling back to next log system...
2019-04-01 15:44:58,326 - Trying to use logger class org.apache.velocity.runtime.log.Log4JLogChute
2019-04-01 15:44:58,326 - Using logger class org.apache.velocity.runtime.log.Log4JLogChute
2019-04-01 15:44:58,329 - ResourceLoader instantiated: org.apache.velocity.runtime.resource.loader.ClasspathResourceLoader
2019-04-01 15:44:58,336 - ResourceCache: initialized (class org.apache.velocity.runtime.resource.ResourceCacheImpl) with class java.util.Collections$SynchronizedMap cache map.
2019-04-01 15:44:58,339 - Loaded System Directive: org.apache.velocity.runtime.directive.Stop
2019-04-01 15:44:58,340 - Loaded System Directive: org.apache.velocity.runtime.directive.Define
2019-04-01 15:44:58,340 - Loaded System Directive: org.apache.velocity.runtime.directive.Break
2019-04-01 15:44:58,341 - Loaded System Directive: org.apache.velocity.runtime.directive.Evaluate
2019-04-01 15:44:58,342 - Loaded System Directive: org.apache.velocity.runtime.directive.Literal
2019-04-01 15:44:58,343 - Loaded System Directive: org.apache.velocity.runtime.directive.Macro
2019-04-01 15:44:58,345 - Loaded System Directive: org.apache.velocity.runtime.directive.Parse
2019-04-01 15:44:58,346 - Loaded System Directive: org.apache.velocity.runtime.directive.Include
2019-04-01 15:44:58,347 - Loaded System Directive: org.apache.velocity.runtime.directive.Foreach
2019-04-01 15:44:58,367 - Created '20' parsers.
2019-04-01 15:44:58,370 - Velocimacro : "velocimacro.library" is not set.  Trying default library: VM_global_library.vm
2019-04-01 15:44:58,374 - Could not load resource 'VM_global_library.vm' from ResourceLoader org.apache.velocity.runtime.resource.loader.ClasspathResourceLoader: ClasspathResourceLoader Error: cannot find resource VM_global_library.vm
2019-04-01 15:44:58,374 - Velocimacro : Default library not found.
2019-04-01 15:44:58,374 - Velocimacro : allowInline = true : VMs can be defined inline in templates
2019-04-01 15:44:58,374 - Velocimacro : allowInlineToOverride = false : VMs defined inline may NOT replace previous VM definitions
2019-04-01 15:44:58,374 - Velocimacro : allowInlineLocal = false : VMs defined inline will be global in scope if allowed.
2019-04-01 15:44:58,374 - Velocimacro : autoload off : VM system will not automatically reload global library macros
2019-04-01 15:44:58,391 - ResourceManager : found /templates/jpa/jpa.java.vm with loader org.apache.velocity.runtime.resource.loader.ClasspathResourceLoader
2019-04-01 15:44:58,434 - ResourceManager : found /templates/jpa/service_2.0.4.java.vm with loader org.apache.velocity.runtime.resource.loader.ClasspathResourceLoader
2019-04-01 15:44:58,481 - ResourceManager : found /templates/jpa/serviceImpl_2.0.4.java.vm with loader org.apache.velocity.runtime.resource.loader.ClasspathResourceLoader
2019-04-01 15:44:58,577 - ResourceManager : found /templates/jpa/controller_2.0.4.java.vm with loader org.apache.velocity.runtime.resource.loader.ClasspathResourceLoader
2019-04-01 15:44:58,596 - ResourceManager : found /templates/jpa/entity.java.vm with loader org.apache.velocity.runtime.resource.loader.ClasspathResourceLoader
2019-04-01 15:44:58,604 - Left side (${versionFieldName}) of '==' operation has null value. If it is a reference, it may not be in the context or its toString() returned null. /templates/jpa/entity.java.vm[line 64, column 26]
2019-04-01 15:44:58,604 - Left side (${logicDeleteFieldName}) of '==' operation has null value. If it is a reference, it may not be in the context or its toString() returned null. /templates/jpa/entity.java.vm[line 68, column 30]
2019-04-01 15:44:58,606 - Left side (${versionFieldName}) of '==' operation has null value. If it is a reference, it may not be in the context or its toString() returned null. /templates/jpa/entity.java.vm[line 64, column 26]
2019-04-01 15:44:58,606 - Left side (${logicDeleteFieldName}) of '==' operation has null value. If it is a reference, it may not be in the context or its toString() returned null. /templates/jpa/entity.java.vm[line 68, column 30]
2019-04-01 15:44:58,606 - Left side (${versionFieldName}) of '==' operation has null value. If it is a reference, it may not be in the context or its toString() returned null. /templates/jpa/entity.java.vm[line 64, column 26]
2019-04-01 15:44:58,607 - Left side (${logicDeleteFieldName}) of '==' operation has null value. If it is a reference, it may not be in the context or its toString() returned null. /templates/jpa/entity.java.vm[line 68, column 30]
2019-04-01 15:44:58,607 - Left side (${versionFieldName}) of '==' operation has null value. If it is a reference, it may not be in the context or its toString() returned null. /templates/jpa/entity.java.vm[line 64, column 26]
2019-04-01 15:44:58,607 - Left side (${logicDeleteFieldName}) of '==' operation has null value. If it is a reference, it may not be in the context or its toString() returned null. /templates/jpa/entity.java.vm[line 68, column 30]
2019-04-01 15:44:58,607 - Left side (${versionFieldName}) of '==' operation has null value. If it is a reference, it may not be in the context or its toString() returned null. /templates/jpa/entity.java.vm[line 64, column 26]
2019-04-01 15:44:58,607 - Left side (${logicDeleteFieldName}) of '==' operation has null value. If it is a reference, it may not be in the context or its toString() returned null. /templates/jpa/entity.java.vm[line 68, column 30]
2019-04-01 15:44:58,625 - ResourceManager : found /templates/jpa/query.java.vm with loader org.apache.velocity.runtime.resource.loader.ClasspathResourceLoader
2019-04-01 15:44:58,637 - ResourceManager : found /templates/jpa/menu.sql.vm with loader org.apache.velocity.runtime.resource.loader.ClasspathResourceLoader
2019-04-01 15:44:58,646 - ResourceManager : found /templates/vue/data.js.vm with loader org.apache.velocity.runtime.resource.loader.ClasspathResourceLoader
2019-04-01 15:44:58,658 - ResourceManager : found /templates/vue/api.js.vm with loader org.apache.velocity.runtime.resource.loader.ClasspathResourceLoader
2019-04-01 15:44:58,659 - Null reference [template '/templates/vue/api.js.vm', line 24, column 79] : ${id} cannot be resolved.
2019-04-01 15:44:58,660 - Null reference [template '/templates/vue/api.js.vm', line 33, column 79] : ${id} cannot be resolved.
2019-04-01 15:44:58,660 - Null reference [template '/templates/vue/api.js.vm', line 41, column 79] : ${id} cannot be resolved.
2019-04-01 15:44:58,660 - Null reference [template '/templates/vue/api.js.vm', line 48, column 86] : ${id} cannot be resolved.
2019-04-01 15:44:58,667 - ResourceManager : found /templates/vue/index.scss.vm with loader org.apache.velocity.runtime.resource.loader.ClasspathResourceLoader
2019-04-01 15:44:58,677 - ResourceManager : found /templates/vue/index.vue.vm with loader org.apache.velocity.runtime.resource.loader.ClasspathResourceLoader
2019-04-01 15:44:58,724 - Null reference [template '/templates/vue/index.vue.vm', line 130, column 22] : $confirm cannot be resolved.
2019-04-01 15:44:58,724 - Null reference [template '/templates/vue/index.vue.vm', line 138, column 22] : $message cannot be resolved.
2019-04-01 15:44:58,724 - Null reference [template '/templates/vue/index.vue.vm', line 146, column 26] : $message cannot be resolved.
2019-04-01 15:45:01,847 - Log4JLogChute initialized using file 'velocity.log'
2019-04-01 15:45:01,847 - Log4JLogChute initialized using file 'velocity.log'
2019-04-01 15:45:01,847 - Initializing Velocity, Calling init()...
2019-04-01 15:45:01,847 - Initializing Velocity, Calling init()...
2019-04-01 15:45:01,847 - Starting Apache Velocity v1.7 (compiled: 2010-11-19 12:14:37)
2019-04-01 15:45:01,847 - Starting Apache Velocity v1.7 (compiled: 2010-11-19 12:14:37)
2019-04-01 15:45:01,847 - Default Properties File: org\apache\velocity\runtime\defaults\velocity.properties
2019-04-01 15:45:01,847 - Default Properties File: org\apache\velocity\runtime\defaults\velocity.properties
2019-04-01 15:45:01,847 - Trying to use logger class org.apache.velocity.runtime.log.AvalonLogChute
2019-04-01 15:45:01,847 - Trying to use logger class org.apache.velocity.runtime.log.AvalonLogChute
2019-04-01 15:45:01,847 - Target log system for org.apache.velocity.runtime.log.AvalonLogChute is not available (java.lang.NoClassDefFoundError: Could not initialize class org.apache.velocity.runtime.log.AvalonLogChute).  Falling back to next log system...
2019-04-01 15:45:01,847 - Target log system for org.apache.velocity.runtime.log.AvalonLogChute is not available (java.lang.NoClassDefFoundError: Could not initialize class org.apache.velocity.runtime.log.AvalonLogChute).  Falling back to next log system...
2019-04-01 15:45:01,847 - Trying to use logger class org.apache.velocity.runtime.log.Log4JLogChute
2019-04-01 15:45:01,847 - Trying to use logger class org.apache.velocity.runtime.log.Log4JLogChute
2019-04-01 15:45:01,847 - Using logger class org.apache.velocity.runtime.log.Log4JLogChute
2019-04-01 15:45:01,847 - Using logger class org.apache.velocity.runtime.log.Log4JLogChute
2019-04-01 15:45:01,847 - ResourceLoader instantiated: org.apache.velocity.runtime.resource.loader.ClasspathResourceLoader
2019-04-01 15:45:01,847 - ResourceLoader instantiated: org.apache.velocity.runtime.resource.loader.ClasspathResourceLoader
2019-04-01 15:45:01,847 - ResourceCache: initialized (class org.apache.velocity.runtime.resource.ResourceCacheImpl) with class java.util.Collections$SynchronizedMap cache map.
2019-04-01 15:45:01,847 - ResourceCache: initialized (class org.apache.velocity.runtime.resource.ResourceCacheImpl) with class java.util.Collections$SynchronizedMap cache map.
2019-04-01 15:45:01,848 - Loaded System Directive: org.apache.velocity.runtime.directive.Stop
2019-04-01 15:45:01,848 - Loaded System Directive: org.apache.velocity.runtime.directive.Stop
2019-04-01 15:45:01,848 - Loaded System Directive: org.apache.velocity.runtime.directive.Define
2019-04-01 15:45:01,848 - Loaded System Directive: org.apache.velocity.runtime.directive.Define
2019-04-01 15:45:01,848 - Loaded System Directive: org.apache.velocity.runtime.directive.Break
2019-04-01 15:45:01,848 - Loaded System Directive: org.apache.velocity.runtime.directive.Break
2019-04-01 15:45:01,848 - Loaded System Directive: org.apache.velocity.runtime.directive.Evaluate
2019-04-01 15:45:01,848 - Loaded System Directive: org.apache.velocity.runtime.directive.Evaluate
2019-04-01 15:45:01,848 - Loaded System Directive: org.apache.velocity.runtime.directive.Literal
2019-04-01 15:45:01,848 - Loaded System Directive: org.apache.velocity.runtime.directive.Literal
2019-04-01 15:45:01,848 - Loaded System Directive: org.apache.velocity.runtime.directive.Macro
2019-04-01 15:45:01,848 - Loaded System Directive: org.apache.velocity.runtime.directive.Macro
2019-04-01 15:45:01,848 - Loaded System Directive: org.apache.velocity.runtime.directive.Parse
2019-04-01 15:45:01,848 - Loaded System Directive: org.apache.velocity.runtime.directive.Parse
2019-04-01 15:45:01,848 - Loaded System Directive: org.apache.velocity.runtime.directive.Include
2019-04-01 15:45:01,848 - Loaded System Directive: org.apache.velocity.runtime.directive.Include
2019-04-01 15:45:01,848 - Loaded System Directive: org.apache.velocity.runtime.directive.Foreach
2019-04-01 15:45:01,848 - Loaded System Directive: org.apache.velocity.runtime.directive.Foreach
2019-04-01 15:45:01,852 - Created '20' parsers.
2019-04-01 15:45:01,852 - Created '20' parsers.
2019-04-01 15:45:01,852 - Velocimacro : "velocimacro.library" is not set.  Trying default library: VM_global_library.vm
2019-04-01 15:45:01,852 - Velocimacro : "velocimacro.library" is not set.  Trying default library: VM_global_library.vm
2019-04-01 15:45:01,853 - Could not load resource 'VM_global_library.vm' from ResourceLoader org.apache.velocity.runtime.resource.loader.ClasspathResourceLoader: ClasspathResourceLoader Error: cannot find resource VM_global_library.vm
2019-04-01 15:45:01,853 - Could not load resource 'VM_global_library.vm' from ResourceLoader org.apache.velocity.runtime.resource.loader.ClasspathResourceLoader: ClasspathResourceLoader Error: cannot find resource VM_global_library.vm
2019-04-01 15:45:01,853 - Velocimacro : Default library not found.
2019-04-01 15:45:01,853 - Velocimacro : Default library not found.
2019-04-01 15:45:01,853 - Velocimacro : allowInline = true : VMs can be defined inline in templates
2019-04-01 15:45:01,853 - Velocimacro : allowInline = true : VMs can be defined inline in templates
2019-04-01 15:45:01,853 - Velocimacro : allowInlineToOverride = false : VMs defined inline may NOT replace previous VM definitions
2019-04-01 15:45:01,853 - Velocimacro : allowInlineToOverride = false : VMs defined inline may NOT replace previous VM definitions
2019-04-01 15:45:01,853 - Velocimacro : allowInlineLocal = false : VMs defined inline will be global in scope if allowed.
2019-04-01 15:45:01,853 - Velocimacro : allowInlineLocal = false : VMs defined inline will be global in scope if allowed.
2019-04-01 15:45:01,853 - Velocimacro : autoload off : VM system will not automatically reload global library macros
2019-04-01 15:45:01,853 - Velocimacro : autoload off : VM system will not automatically reload global library macros
2019-04-01 15:45:01,854 - ResourceManager : found /templates/jpa/jpa.java.vm with loader org.apache.velocity.runtime.resource.loader.ClasspathResourceLoader
2019-04-01 15:45:01,854 - ResourceManager : found /templates/jpa/jpa.java.vm with loader org.apache.velocity.runtime.resource.loader.ClasspathResourceLoader
2019-04-01 15:45:01,867 - ResourceManager : found /templates/jpa/service_2.0.4.java.vm with loader org.apache.velocity.runtime.resource.loader.ClasspathResourceLoader
2019-04-01 15:45:01,867 - ResourceManager : found /templates/jpa/service_2.0.4.java.vm with loader org.apache.velocity.runtime.resource.loader.ClasspathResourceLoader
2019-04-01 15:45:01,883 - ResourceManager : found /templates/jpa/serviceImpl_2.0.4.java.vm with loader org.apache.velocity.runtime.resource.loader.ClasspathResourceLoader
2019-04-01 15:45:01,883 - ResourceManager : found /templates/jpa/serviceImpl_2.0.4.java.vm with loader org.apache.velocity.runtime.resource.loader.ClasspathResourceLoader
2019-04-01 15:45:01,905 - ResourceManager : found /templates/jpa/controller_2.0.4.java.vm with loader org.apache.velocity.runtime.resource.loader.ClasspathResourceLoader
2019-04-01 15:45:01,905 - ResourceManager : found /templates/jpa/controller_2.0.4.java.vm with loader org.apache.velocity.runtime.resource.loader.ClasspathResourceLoader
2019-04-01 15:45:01,918 - ResourceManager : found /templates/jpa/entity.java.vm with loader org.apache.velocity.runtime.resource.loader.ClasspathResourceLoader
2019-04-01 15:45:01,918 - ResourceManager : found /templates/jpa/entity.java.vm with loader org.apache.velocity.runtime.resource.loader.ClasspathResourceLoader
2019-04-01 15:45:01,921 - Left side (${versionFieldName}) of '==' operation has null value. If it is a reference, it may not be in the context or its toString() returned null. /templates/jpa/entity.java.vm[line 64, column 26]
2019-04-01 15:45:01,921 - Left side (${versionFieldName}) of '==' operation has null value. If it is a reference, it may not be in the context or its toString() returned null. /templates/jpa/entity.java.vm[line 64, column 26]
2019-04-01 15:45:01,921 - Left side (${logicDeleteFieldName}) of '==' operation has null value. If it is a reference, it may not be in the context or its toString() returned null. /templates/jpa/entity.java.vm[line 68, column 30]
2019-04-01 15:45:01,921 - Left side (${logicDeleteFieldName}) of '==' operation has null value. If it is a reference, it may not be in the context or its toString() returned null. /templates/jpa/entity.java.vm[line 68, column 30]
2019-04-01 15:45:01,921 - Left side (${versionFieldName}) of '==' operation has null value. If it is a reference, it may not be in the context or its toString() returned null. /templates/jpa/entity.java.vm[line 64, column 26]
2019-04-01 15:45:01,921 - Left side (${versionFieldName}) of '==' operation has null value. If it is a reference, it may not be in the context or its toString() returned null. /templates/jpa/entity.java.vm[line 64, column 26]
2019-04-01 15:45:01,921 - Left side (${logicDeleteFieldName}) of '==' operation has null value. If it is a reference, it may not be in the context or its toString() returned null. /templates/jpa/entity.java.vm[line 68, column 30]
2019-04-01 15:45:01,921 - Left side (${logicDeleteFieldName}) of '==' operation has null value. If it is a reference, it may not be in the context or its toString() returned null. /templates/jpa/entity.java.vm[line 68, column 30]
2019-04-01 15:45:01,921 - Left side (${versionFieldName}) of '==' operation has null value. If it is a reference, it may not be in the context or its toString() returned null. /templates/jpa/entity.java.vm[line 64, column 26]
2019-04-01 15:45:01,921 - Left side (${versionFieldName}) of '==' operation has null value. If it is a reference, it may not be in the context or its toString() returned null. /templates/jpa/entity.java.vm[line 64, column 26]
2019-04-01 15:45:01,922 - Left side (${logicDeleteFieldName}) of '==' operation has null value. If it is a reference, it may not be in the context or its toString() returned null. /templates/jpa/entity.java.vm[line 68, column 30]
2019-04-01 15:45:01,922 - Left side (${logicDeleteFieldName}) of '==' operation has null value. If it is a reference, it may not be in the context or its toString() returned null. /templates/jpa/entity.java.vm[line 68, column 30]
2019-04-01 15:45:01,932 - ResourceManager : found /templates/jpa/query.java.vm with loader org.apache.velocity.runtime.resource.loader.ClasspathResourceLoader
2019-04-01 15:45:01,932 - ResourceManager : found /templates/jpa/query.java.vm with loader org.apache.velocity.runtime.resource.loader.ClasspathResourceLoader
2019-04-01 15:45:01,942 - ResourceManager : found /templates/jpa/menu.sql.vm with loader org.apache.velocity.runtime.resource.loader.ClasspathResourceLoader
2019-04-01 15:45:01,942 - ResourceManager : found /templates/jpa/menu.sql.vm with loader org.apache.velocity.runtime.resource.loader.ClasspathResourceLoader
2019-04-01 15:45:01,950 - ResourceManager : found /templates/vue/data.js.vm with loader org.apache.velocity.runtime.resource.loader.ClasspathResourceLoader
2019-04-01 15:45:01,950 - ResourceManager : found /templates/vue/data.js.vm with loader org.apache.velocity.runtime.resource.loader.ClasspathResourceLoader
2019-04-01 15:45:01,960 - ResourceManager : found /templates/vue/api.js.vm with loader org.apache.velocity.runtime.resource.loader.ClasspathResourceLoader
2019-04-01 15:45:01,960 - ResourceManager : found /templates/vue/api.js.vm with loader org.apache.velocity.runtime.resource.loader.ClasspathResourceLoader
2019-04-01 15:45:01,962 - Null reference [template '/templates/vue/api.js.vm', line 24, column 79] : ${id} cannot be resolved.
2019-04-01 15:45:01,962 - Null reference [template '/templates/vue/api.js.vm', line 24, column 79] : ${id} cannot be resolved.
2019-04-01 15:45:01,962 - Null reference [template '/templates/vue/api.js.vm', line 33, column 79] : ${id} cannot be resolved.
2019-04-01 15:45:01,962 - Null reference [template '/templates/vue/api.js.vm', line 33, column 79] : ${id} cannot be resolved.
2019-04-01 15:45:01,962 - Null reference [template '/templates/vue/api.js.vm', line 41, column 79] : ${id} cannot be resolved.
2019-04-01 15:45:01,962 - Null reference [template '/templates/vue/api.js.vm', line 41, column 79] : ${id} cannot be resolved.
2019-04-01 15:45:01,962 - Null reference [template '/templates/vue/api.js.vm', line 48, column 86] : ${id} cannot be resolved.
2019-04-01 15:45:01,962 - Null reference [template '/templates/vue/api.js.vm', line 48, column 86] : ${id} cannot be resolved.
2019-04-01 15:45:01,969 - ResourceManager : found /templates/vue/index.scss.vm with loader org.apache.velocity.runtime.resource.loader.ClasspathResourceLoader
2019-04-01 15:45:01,969 - ResourceManager : found /templates/vue/index.scss.vm with loader org.apache.velocity.runtime.resource.loader.ClasspathResourceLoader
2019-04-01 15:45:01,976 - ResourceManager : found /templates/vue/index.vue.vm with loader org.apache.velocity.runtime.resource.loader.ClasspathResourceLoader
2019-04-01 15:45:01,976 - ResourceManager : found /templates/vue/index.vue.vm with loader org.apache.velocity.runtime.resource.loader.ClasspathResourceLoader
2019-04-01 15:45:01,978 - Null reference [template '/templates/vue/index.vue.vm', line 130, column 22] : $confirm cannot be resolved.
2019-04-01 15:45:01,978 - Null reference [template '/templates/vue/index.vue.vm', line 130, column 22] : $confirm cannot be resolved.
2019-04-01 15:45:01,978 - Null reference [template '/templates/vue/index.vue.vm', line 138, column 22] : $message cannot be resolved.
2019-04-01 15:45:01,978 - Null reference [template '/templates/vue/index.vue.vm', line 138, column 22] : $message cannot be resolved.
2019-04-01 15:45:01,978 - Null reference [template '/templates/vue/index.vue.vm', line 146, column 26] : $message cannot be resolved.
2019-04-01 15:45:01,978 - Null reference [template '/templates/vue/index.vue.vm', line 146, column 26] : $message cannot be resolved.
2019-04-10 16:44:44,368 - Log4JLogChute initialized using file 'velocity.log'
2019-04-10 16:44:44,375 - Initializing Velocity, Calling init()...
2019-04-10 16:44:44,375 - Starting Apache Velocity v1.7 (compiled: 2010-11-19 12:14:37)
2019-04-10 16:44:44,376 - Default Properties File: org\apache\velocity\runtime\defaults\velocity.properties
2019-04-10 16:44:44,376 - Trying to use logger class org.apache.velocity.runtime.log.AvalonLogChute
2019-04-10 16:44:44,376 - Target log system for org.apache.velocity.runtime.log.AvalonLogChute is not available (java.lang.NoClassDefFoundError: org/apache/log/Priority).  Falling back to next log system...
2019-04-10 16:44:44,376 - Trying to use logger class org.apache.velocity.runtime.log.Log4JLogChute
2019-04-10 16:44:44,376 - Using logger class org.apache.velocity.runtime.log.Log4JLogChute
2019-04-10 16:44:44,379 - ResourceLoader instantiated: org.apache.velocity.runtime.resource.loader.ClasspathResourceLoader
2019-04-10 16:44:44,403 - ResourceCache: initialized (class org.apache.velocity.runtime.resource.ResourceCacheImpl) with class java.util.Collections$SynchronizedMap cache map.
2019-04-10 16:44:44,405 - Loaded System Directive: org.apache.velocity.runtime.directive.Stop
2019-04-10 16:44:44,406 - Loaded System Directive: org.apache.velocity.runtime.directive.Define
2019-04-10 16:44:44,406 - Loaded System Directive: org.apache.velocity.runtime.directive.Break
2019-04-10 16:44:44,407 - Loaded System Directive: org.apache.velocity.runtime.directive.Evaluate
2019-04-10 16:44:44,407 - Loaded System Directive: org.apache.velocity.runtime.directive.Literal
2019-04-10 16:44:44,408 - Loaded System Directive: org.apache.velocity.runtime.directive.Macro
2019-04-10 16:44:44,409 - Loaded System Directive: org.apache.velocity.runtime.directive.Parse
2019-04-10 16:44:44,409 - Loaded System Directive: org.apache.velocity.runtime.directive.Include
2019-04-10 16:44:44,410 - Loaded System Directive: org.apache.velocity.runtime.directive.Foreach
2019-04-10 16:44:44,426 - Created '20' parsers.
2019-04-10 16:44:44,429 - Velocimacro : "velocimacro.library" is not set.  Trying default library: VM_global_library.vm
2019-04-10 16:44:44,433 - Could not load resource 'VM_global_library.vm' from ResourceLoader org.apache.velocity.runtime.resource.loader.ClasspathResourceLoader: ClasspathResourceLoader Error: cannot find resource VM_global_library.vm
2019-04-10 16:44:44,433 - Velocimacro : Default library not found.
2019-04-10 16:44:44,433 - Velocimacro : allowInline = true : VMs can be defined inline in templates
2019-04-10 16:44:44,433 - Velocimacro : allowInlineToOverride = false : VMs defined inline may NOT replace previous VM definitions
2019-04-10 16:44:44,433 - Velocimacro : allowInlineLocal = false : VMs defined inline will be global in scope if allowed.
2019-04-10 16:44:44,433 - Velocimacro : autoload off : VM system will not automatically reload global library macros
2019-04-10 16:44:44,470 - ResourceManager : found /templates/jpa/jpa.java.vm with loader org.apache.velocity.runtime.resource.loader.ClasspathResourceLoader
2019-04-10 16:44:44,517 - ResourceManager : found /templates/jpa/service_2.0.4.java.vm with loader org.apache.velocity.runtime.resource.loader.ClasspathResourceLoader
2019-04-10 16:44:44,554 - ResourceManager : found /templates/jpa/serviceImpl_2.0.4.java.vm with loader org.apache.velocity.runtime.resource.loader.ClasspathResourceLoader
2019-04-10 16:44:44,669 - ResourceManager : found /templates/jpa/controller_2.0.4.java.vm with loader org.apache.velocity.runtime.resource.loader.ClasspathResourceLoader
2019-04-10 16:44:44,697 - ResourceManager : found /templates/jpa/entity.java.vm with loader org.apache.velocity.runtime.resource.loader.ClasspathResourceLoader
2019-04-10 16:44:44,699 - Left side (${versionFieldName}) of '==' operation has null value. If it is a reference, it may not be in the context or its toString() returned null. /templates/jpa/entity.java.vm[line 64, column 26]
2019-04-10 16:44:44,699 - Left side (${logicDeleteFieldName}) of '==' operation has null value. If it is a reference, it may not be in the context or its toString() returned null. /templates/jpa/entity.java.vm[line 68, column 30]
2019-04-10 16:44:44,700 - Left side (${versionFieldName}) of '==' operation has null value. If it is a reference, it may not be in the context or its toString() returned null. /templates/jpa/entity.java.vm[line 64, column 26]
2019-04-10 16:44:44,700 - Left side (${logicDeleteFieldName}) of '==' operation has null value. If it is a reference, it may not be in the context or its toString() returned null. /templates/jpa/entity.java.vm[line 68, column 30]
2019-04-10 16:44:44,700 - Left side (${versionFieldName}) of '==' operation has null value. If it is a reference, it may not be in the context or its toString() returned null. /templates/jpa/entity.java.vm[line 64, column 26]
2019-04-10 16:44:44,700 - Left side (${logicDeleteFieldName}) of '==' operation has null value. If it is a reference, it may not be in the context or its toString() returned null. /templates/jpa/entity.java.vm[line 68, column 30]
2019-04-10 16:44:44,700 - Left side (${versionFieldName}) of '==' operation has null value. If it is a reference, it may not be in the context or its toString() returned null. /templates/jpa/entity.java.vm[line 64, column 26]
2019-04-10 16:44:44,700 - Left side (${logicDeleteFieldName}) of '==' operation has null value. If it is a reference, it may not be in the context or its toString() returned null. /templates/jpa/entity.java.vm[line 68, column 30]
2019-04-10 16:44:44,700 - Left side (${versionFieldName}) of '==' operation has null value. If it is a reference, it may not be in the context or its toString() returned null. /templates/jpa/entity.java.vm[line 64, column 26]
2019-04-10 16:44:44,700 - Left side (${logicDeleteFieldName}) of '==' operation has null value. If it is a reference, it may not be in the context or its toString() returned null. /templates/jpa/entity.java.vm[line 68, column 30]
2019-04-10 16:44:44,701 - Left side (${versionFieldName}) of '==' operation has null value. If it is a reference, it may not be in the context or its toString() returned null. /templates/jpa/entity.java.vm[line 64, column 26]
2019-04-10 16:44:44,701 - Left side (${logicDeleteFieldName}) of '==' operation has null value. If it is a reference, it may not be in the context or its toString() returned null. /templates/jpa/entity.java.vm[line 68, column 30]
2019-04-10 16:44:44,701 - Left side (${versionFieldName}) of '==' operation has null value. If it is a reference, it may not be in the context or its toString() returned null. /templates/jpa/entity.java.vm[line 64, column 26]
2019-04-10 16:44:44,701 - Left side (${logicDeleteFieldName}) of '==' operation has null value. If it is a reference, it may not be in the context or its toString() returned null. /templates/jpa/entity.java.vm[line 68, column 30]
2019-04-10 16:44:44,701 - Left side (${versionFieldName}) of '==' operation has null value. If it is a reference, it may not be in the context or its toString() returned null. /templates/jpa/entity.java.vm[line 64, column 26]
2019-04-10 16:44:44,701 - Left side (${logicDeleteFieldName}) of '==' operation has null value. If it is a reference, it may not be in the context or its toString() returned null. /templates/jpa/entity.java.vm[line 68, column 30]
2019-04-10 16:44:44,701 - Left side (${versionFieldName}) of '==' operation has null value. If it is a reference, it may not be in the context or its toString() returned null. /templates/jpa/entity.java.vm[line 64, column 26]
2019-04-10 16:44:44,702 - Left side (${logicDeleteFieldName}) of '==' operation has null value. If it is a reference, it may not be in the context or its toString() returned null. /templates/jpa/entity.java.vm[line 68, column 30]
2019-04-10 16:44:44,702 - Left side (${versionFieldName}) of '==' operation has null value. If it is a reference, it may not be in the context or its toString() returned null. /templates/jpa/entity.java.vm[line 64, column 26]
2019-04-10 16:44:44,702 - Left side (${logicDeleteFieldName}) of '==' operation has null value. If it is a reference, it may not be in the context or its toString() returned null. /templates/jpa/entity.java.vm[line 68, column 30]
2019-04-10 16:44:44,702 - Left side (${versionFieldName}) of '==' operation has null value. If it is a reference, it may not be in the context or its toString() returned null. /templates/jpa/entity.java.vm[line 64, column 26]
2019-04-10 16:44:44,702 - Left side (${logicDeleteFieldName}) of '==' operation has null value. If it is a reference, it may not be in the context or its toString() returned null. /templates/jpa/entity.java.vm[line 68, column 30]
2019-04-10 16:44:44,702 - Left side (${versionFieldName}) of '==' operation has null value. If it is a reference, it may not be in the context or its toString() returned null. /templates/jpa/entity.java.vm[line 64, column 26]
2019-04-10 16:44:44,702 - Left side (${logicDeleteFieldName}) of '==' operation has null value. If it is a reference, it may not be in the context or its toString() returned null. /templates/jpa/entity.java.vm[line 68, column 30]
2019-04-10 16:44:44,702 - Left side (${versionFieldName}) of '==' operation has null value. If it is a reference, it may not be in the context or its toString() returned null. /templates/jpa/entity.java.vm[line 64, column 26]
2019-04-10 16:44:44,702 - Left side (${logicDeleteFieldName}) of '==' operation has null value. If it is a reference, it may not be in the context or its toString() returned null. /templates/jpa/entity.java.vm[line 68, column 30]
2019-04-10 16:44:44,702 - Left side (${versionFieldName}) of '==' operation has null value. If it is a reference, it may not be in the context or its toString() returned null. /templates/jpa/entity.java.vm[line 64, column 26]
2019-04-10 16:44:44,702 - Left side (${logicDeleteFieldName}) of '==' operation has null value. If it is a reference, it may not be in the context or its toString() returned null. /templates/jpa/entity.java.vm[line 68, column 30]
2019-04-10 16:44:44,702 - Left side (${versionFieldName}) of '==' operation has null value. If it is a reference, it may not be in the context or its toString() returned null. /templates/jpa/entity.java.vm[line 64, column 26]
2019-04-10 16:44:44,702 - Left side (${logicDeleteFieldName}) of '==' operation has null value. If it is a reference, it may not be in the context or its toString() returned null. /templates/jpa/entity.java.vm[line 68, column 30]
2019-04-10 16:44:44,702 - Left side (${versionFieldName}) of '==' operation has null value. If it is a reference, it may not be in the context or its toString() returned null. /templates/jpa/entity.java.vm[line 64, column 26]
2019-04-10 16:44:44,702 - Left side (${logicDeleteFieldName}) of '==' operation has null value. If it is a reference, it may not be in the context or its toString() returned null. /templates/jpa/entity.java.vm[line 68, column 30]
2019-04-10 16:44:44,702 - Left side (${versionFieldName}) of '==' operation has null value. If it is a reference, it may not be in the context or its toString() returned null. /templates/jpa/entity.java.vm[line 64, column 26]
2019-04-10 16:44:44,702 - Left side (${logicDeleteFieldName}) of '==' operation has null value. If it is a reference, it may not be in the context or its toString() returned null. /templates/jpa/entity.java.vm[line 68, column 30]
2019-04-10 16:44:44,702 - Left side (${versionFieldName}) of '==' operation has null value. If it is a reference, it may not be in the context or its toString() returned null. /templates/jpa/entity.java.vm[line 64, column 26]
2019-04-10 16:44:44,702 - Left side (${logicDeleteFieldName}) of '==' operation has null value. If it is a reference, it may not be in the context or its toString() returned null. /templates/jpa/entity.java.vm[line 68, column 30]
2019-04-10 16:44:44,702 - Left side (${versionFieldName}) of '==' operation has null value. If it is a reference, it may not be in the context or its toString() returned null. /templates/jpa/entity.java.vm[line 64, column 26]
2019-04-10 16:44:44,703 - Left side (${logicDeleteFieldName}) of '==' operation has null value. If it is a reference, it may not be in the context or its toString() returned null. /templates/jpa/entity.java.vm[line 68, column 30]
2019-04-10 16:44:44,703 - Left side (${versionFieldName}) of '==' operation has null value. If it is a reference, it may not be in the context or its toString() returned null. /templates/jpa/entity.java.vm[line 64, column 26]
2019-04-10 16:44:44,703 - Left side (${logicDeleteFieldName}) of '==' operation has null value. If it is a reference, it may not be in the context or its toString() returned null. /templates/jpa/entity.java.vm[line 68, column 30]
2019-04-10 16:44:44,703 - Left side (${versionFieldName}) of '==' operation has null value. If it is a reference, it may not be in the context or its toString() returned null. /templates/jpa/entity.java.vm[line 64, column 26]
2019-04-10 16:44:44,703 - Left side (${logicDeleteFieldName}) of '==' operation has null value. If it is a reference, it may not be in the context or its toString() returned null. /templates/jpa/entity.java.vm[line 68, column 30]
2019-04-10 16:44:44,703 - Left side (${versionFieldName}) of '==' operation has null value. If it is a reference, it may not be in the context or its toString() returned null. /templates/jpa/entity.java.vm[line 64, column 26]
2019-04-10 16:44:44,703 - Left side (${logicDeleteFieldName}) of '==' operation has null value. If it is a reference, it may not be in the context or its toString() returned null. /templates/jpa/entity.java.vm[line 68, column 30]
2019-04-10 16:44:44,703 - Left side (${versionFieldName}) of '==' operation has null value. If it is a reference, it may not be in the context or its toString() returned null. /templates/jpa/entity.java.vm[line 64, column 26]
2019-04-10 16:44:44,703 - Left side (${logicDeleteFieldName}) of '==' operation has null value. If it is a reference, it may not be in the context or its toString() returned null. /templates/jpa/entity.java.vm[line 68, column 30]
2019-04-10 16:44:44,703 - Left side (${versionFieldName}) of '==' operation has null value. If it is a reference, it may not be in the context or its toString() returned null. /templates/jpa/entity.java.vm[line 64, column 26]
2019-04-10 16:44:44,703 - Left side (${logicDeleteFieldName}) of '==' operation has null value. If it is a reference, it may not be in the context or its toString() returned null. /templates/jpa/entity.java.vm[line 68, column 30]
2019-04-10 16:44:44,703 - Left side (${versionFieldName}) of '==' operation has null value. If it is a reference, it may not be in the context or its toString() returned null. /templates/jpa/entity.java.vm[line 64, column 26]
2019-04-10 16:44:44,703 - Left side (${logicDeleteFieldName}) of '==' operation has null value. If it is a reference, it may not be in the context or its toString() returned null. /templates/jpa/entity.java.vm[line 68, column 30]
2019-04-10 16:44:44,703 - Left side (${versionFieldName}) of '==' operation has null value. If it is a reference, it may not be in the context or its toString() returned null. /templates/jpa/entity.java.vm[line 64, column 26]
2019-04-10 16:44:44,703 - Left side (${logicDeleteFieldName}) of '==' operation has null value. If it is a reference, it may not be in the context or its toString() returned null. /templates/jpa/entity.java.vm[line 68, column 30]
2019-04-10 16:44:44,703 - Left side (${versionFieldName}) of '==' operation has null value. If it is a reference, it may not be in the context or its toString() returned null. /templates/jpa/entity.java.vm[line 64, column 26]
2019-04-10 16:44:44,703 - Left side (${logicDeleteFieldName}) of '==' operation has null value. If it is a reference, it may not be in the context or its toString() returned null. /templates/jpa/entity.java.vm[line 68, column 30]
2019-04-10 16:44:44,703 - Left side (${versionFieldName}) of '==' operation has null value. If it is a reference, it may not be in the context or its toString() returned null. /templates/jpa/entity.java.vm[line 64, column 26]
2019-04-10 16:44:44,703 - Left side (${logicDeleteFieldName}) of '==' operation has null value. If it is a reference, it may not be in the context or its toString() returned null. /templates/jpa/entity.java.vm[line 68, column 30]
2019-04-10 16:44:44,704 - Left side (${versionFieldName}) of '==' operation has null value. If it is a reference, it may not be in the context or its toString() returned null. /templates/jpa/entity.java.vm[line 64, column 26]
2019-04-10 16:44:44,704 - Left side (${logicDeleteFieldName}) of '==' operation has null value. If it is a reference, it may not be in the context or its toString() returned null. /templates/jpa/entity.java.vm[line 68, column 30]
2019-04-10 16:44:44,704 - Left side (${versionFieldName}) of '==' operation has null value. If it is a reference, it may not be in the context or its toString() returned null. /templates/jpa/entity.java.vm[line 64, column 26]
2019-04-10 16:44:44,704 - Left side (${logicDeleteFieldName}) of '==' operation has null value. If it is a reference, it may not be in the context or its toString() returned null. /templates/jpa/entity.java.vm[line 68, column 30]
2019-04-10 16:44:44,704 - Left side (${versionFieldName}) of '==' operation has null value. If it is a reference, it may not be in the context or its toString() returned null. /templates/jpa/entity.java.vm[line 64, column 26]
2019-04-10 16:44:44,704 - Left side (${logicDeleteFieldName}) of '==' operation has null value. If it is a reference, it may not be in the context or its toString() returned null. /templates/jpa/entity.java.vm[line 68, column 30]
2019-04-10 16:44:44,704 - Left side (${versionFieldName}) of '==' operation has null value. If it is a reference, it may not be in the context or its toString() returned null. /templates/jpa/entity.java.vm[line 64, column 26]
2019-04-10 16:44:44,704 - Left side (${logicDeleteFieldName}) of '==' operation has null value. If it is a reference, it may not be in the context or its toString() returned null. /templates/jpa/entity.java.vm[line 68, column 30]
2019-04-10 16:44:44,704 - Left side (${versionFieldName}) of '==' operation has null value. If it is a reference, it may not be in the context or its toString() returned null. /templates/jpa/entity.java.vm[line 64, column 26]
2019-04-10 16:44:44,704 - Left side (${logicDeleteFieldName}) of '==' operation has null value. If it is a reference, it may not be in the context or its toString() returned null. /templates/jpa/entity.java.vm[line 68, column 30]
2019-04-10 16:44:44,704 - Left side (${versionFieldName}) of '==' operation has null value. If it is a reference, it may not be in the context or its toString() returned null. /templates/jpa/entity.java.vm[line 64, column 26]
2019-04-10 16:44:44,704 - Left side (${logicDeleteFieldName}) of '==' operation has null value. If it is a reference, it may not be in the context or its toString() returned null. /templates/jpa/entity.java.vm[line 68, column 30]
2019-04-10 16:44:44,704 - Left side (${versionFieldName}) of '==' operation has null value. If it is a reference, it may not be in the context or its toString() returned null. /templates/jpa/entity.java.vm[line 64, column 26]
2019-04-10 16:44:44,704 - Left side (${logicDeleteFieldName}) of '==' operation has null value. If it is a reference, it may not be in the context or its toString() returned null. /templates/jpa/entity.java.vm[line 68, column 30]
2019-04-10 16:44:44,704 - Left side (${versionFieldName}) of '==' operation has null value. If it is a reference, it may not be in the context or its toString() returned null. /templates/jpa/entity.java.vm[line 64, column 26]
2019-04-10 16:44:44,704 - Left side (${logicDeleteFieldName}) of '==' operation has null value. If it is a reference, it may not be in the context or its toString() returned null. /templates/jpa/entity.java.vm[line 68, column 30]
2019-04-10 16:44:44,704 - Left side (${versionFieldName}) of '==' operation has null value. If it is a reference, it may not be in the context or its toString() returned null. /templates/jpa/entity.java.vm[line 64, column 26]
2019-04-10 16:44:44,704 - Left side (${logicDeleteFieldName}) of '==' operation has null value. If it is a reference, it may not be in the context or its toString() returned null. /templates/jpa/entity.java.vm[line 68, column 30]
2019-04-10 16:44:44,722 - ResourceManager : found /templates/jpa/query.java.vm with loader org.apache.velocity.runtime.resource.loader.ClasspathResourceLoader
2019-04-10 16:44:44,737 - ResourceManager : found /templates/jpa/menu.sql.vm with loader org.apache.velocity.runtime.resource.loader.ClasspathResourceLoader
2019-04-10 16:44:44,747 - ResourceManager : found /templates/vue/data.js.vm with loader org.apache.velocity.runtime.resource.loader.ClasspathResourceLoader
2019-04-10 16:44:44,762 - ResourceManager : found /templates/vue/api.js.vm with loader org.apache.velocity.runtime.resource.loader.ClasspathResourceLoader
2019-04-10 16:44:44,763 - Null reference [template '/templates/vue/api.js.vm', line 24, column 79] : ${id} cannot be resolved.
2019-04-10 16:44:44,763 - Null reference [template '/templates/vue/api.js.vm', line 33, column 79] : ${id} cannot be resolved.
2019-04-10 16:44:44,763 - Null reference [template '/templates/vue/api.js.vm', line 41, column 79] : ${id} cannot be resolved.
2019-04-10 16:44:44,763 - Null reference [template '/templates/vue/api.js.vm', line 48, column 86] : ${id} cannot be resolved.
2019-04-10 16:44:44,773 - ResourceManager : found /templates/vue/index.scss.vm with loader org.apache.velocity.runtime.resource.loader.ClasspathResourceLoader
2019-04-10 16:44:44,789 - ResourceManager : found /templates/vue/index.vue.vm with loader org.apache.velocity.runtime.resource.loader.ClasspathResourceLoader
2019-04-10 16:44:44,790 - Null reference [template '/templates/vue/index.vue.vm', line 130, column 22] : $confirm cannot be resolved.
2019-04-10 16:44:44,790 - Null reference [template '/templates/vue/index.vue.vm', line 138, column 22] : $message cannot be resolved.
2019-04-10 16:44:44,790 - Null reference [template '/templates/vue/index.vue.vm', line 146, column 26] : $message cannot be resolved.
